cuda:0
-8845.759068021565
-9365.95084745621
-9609.907025365184
-9017.611219240876
-8835.251731123933
-8848.834455411712
-8932.170756254269
-9073.705830960193
-9629.619637903208
-9238.53466097835
epoch: 1
-7645.656920530218
-7335.357740241605
-8381.89646490116
-8404.051392057263
-7857.627605271063
-7406.1504515138195
-7685.711195485519
-7951.303860158607
-8374.696939518488
-8401.139242218478
epoch: 2
-7254.203971686694
-7282.523089340939
-7278.252657472152
-7268.040040681453
-7258.481432553559
-7193.139061491944
-7332.390593756629
-7201.487187722691
-7279.700003873679
-7299.370071983818
epoch: 3
-7474.885444432579
-7481.45096684665
-7480.755999455999
-7345.470540293552
-7464.80202329025
-7484.142917345624
-7458.236457906684
-7398.533795565527
-7467.519647394365
-7327.282667770399
epoch: 4
-7461.345923283294
-7286.027792969321
-7459.547939969532
-7473.767792125572
-7468.174545083849
-7469.17257737664
-7207.1460380190265
-7169.566728338985
-7442.371220492553
-7346.893568430502
epoch: 5
-7491.4302130755905
-7445.22984941486
-6053.671523841811
-7475.8682227081
-6248.930241570519
-6176.36065695487
-132.8629083130008
-7461.846229312932
-7486.183701703941
-3.9954115532636023
epoch: 6
-7315.387202379905
-8348.360398175351
-7505.297267984399
-7501.304367946127
-7480.962496901067
-7500.861570407453
-8423.989705003252
-7374.354926328856
-5824.618523587018
-8432.42480726816
epoch: 7
-7997.999331634035
-8193.894535208998
-7844.813147885905
-8595.854911919447
-7993.918585568248
-8303.405678139825
-7979.228305315928
-8034.860400316591
-7998.5019032700475
-8615.537481077097
epoch: 8
-8213.937561511228
-151.91073105664154
-6840.978876804556
-6821.217112415346
-8207.044316797239
-6757.535861126462
-8184.613502741066
-8218.775303858703
-27.409820587751405
-8146.478712082724
epoch: 9
-6450.14475009776
-7219.67121199054
-7515.341768187023
-7502.282176232368
-6963.2414082155
-7159.02619128584
-8402.748086247955
-8433.993492790558
-8405.112090748087
-7148.485286628676
epoch: 10
-8371.48336298317
-8364.993092955212
-8343.48255259914
-8433.510502511055
-8360.31328998977
-8432.302946661106
-8394.357355866183
-8388.733002944437
-7479.810685889856
-8327.643172310962
epoch: 11
-8430.083315880993
-8278.68147062227
-8386.548272413325
-8412.561352845532
-8257.192055512041
-8434.204191427785
-8413.514746941906
-8413.815718300206
-8423.513633427878
-8416.980876792568
epoch: 12
-8310.048067749865
-8429.034996122804
-7497.870403830458
-8399.7152421157
-8414.788795612365
-8279.047230016089
-7458.335511086837
-7526.123786981136
-7199.015479959756
-8214.926747707645
epoch: 13
-8434.485802686198
-8433.764773389823
-8417.04840369362
-7552.902069681802
-7326.273143520144
-8185.976726947384
-6640.488310475986
-8344.749859068019
-8312.608434141677
-7253.382152067392
epoch: 14
-8322.58839590503
-8414.538412196893
-7404.518846241788
-7459.034744293309
-8434.160127048122
-8432.095343507404
-7476.466242401763
-8431.815827862336
-7480.22835333154
-8312.542515941162
epoch: 15
-6269.769212745785
-8435.794240679203
-8429.240895363091
-8393.608668116956
-8343.76237653564
-7459.271241973352
-7328.163229932137
-8415.876087748964
-8413.39114027243
-7062.282741840535
epoch: 16
-8342.98223457911
-8324.677522531421
-8310.601134658225
-8422.468080305815
-7471.305816166489
-8278.726551615326
-8411.30955284207
-8400.79065411509
-8404.620465636097
-7446.641186002784
epoch: 17
-8395.715463830044
-8396.642389326575
-7883.880929971848
-8332.78109882456
-8398.482583445257
-7459.552526921768
-8268.22558812164
-6545.673364105914
-7485.012356153824
-6558.776612222889
epoch: 18
-7149.005467697236
-7515.964278795488
-8359.036602787899
-8395.139440586889
-8322.559350561622
-7430.705091876147
-7462.36931788267
-8411.530997052028
-7520.92215283354
-6057.6833765917245
epoch: 19
-7393.433299129474
-8432.090156751266
-8428.341660329737
-7541.927405851206
-6427.23054120839
-8434.817302105557
-6544.679246950605
-7516.4533842724895
-6612.366326334477
-8420.162222807012
epoch: 20
-7494.3783563621655
-8371.531205003908
-8429.031075014098
-8418.236722412701
-8230.442581129106
-7436.240630273589
-8388.57436902432
-8409.15101557195
-8420.160388187516
-6759.314885268044
epoch: 21
-8317.897960449729
-8436.213455684412
-8199.419112589929
-8419.651733977724
-8410.427415015765
-8355.451393519676
-8146.981184074898
-8400.10084879696
-8435.675398169673
-8262.667263892912
epoch: 22
-8390.597224311114
-6419.478964990867
-7517.0030958656735
-6803.101669146891
-7475.721972568382
-5387.422066592885
-7490.001662453865
-7469.363428555324
-6882.9366329277245
-7185.282250030434
epoch: 23
-7464.414423956716
-7527.297534206396
-5429.3434185585875
-8417.70080478829
-7475.27005501542
-8344.20106279534
-8285.746332262028
-7248.732501806849
-6023.572867504454
-8119.175704402671
epoch: 24
-6846.601751246543
-8250.410197201314
-7330.813838613705
-6802.345610371523
-8273.509927251987
-6771.591138543845
-7456.399630666656
-6366.294040754754
-6107.653552991969
-7437.619424186522
epoch: 25
-7518.37120463115
-8429.466738455
-8381.923836840519
-8437.222986602752
-8324.22279582896
-7524.495897488613
-7509.016657597922
-7382.562617777241
-5665.649251187025
-7371.613211059194
epoch: 26
-5889.196117131305
-7539.942296725928
-7004.346977236472
-6808.8610492909675
-6114.086768102307
-8431.56827089889
-5031.565526492918
-8437.015677439842
-7418.365027887878
-6118.573828124681
epoch: 27
-8425.732433220568
-8433.665305433131
-8416.814929792492
-5278.078370048129
-6937.314841222228
-8429.741537041466
-6571.2101202192025
-8432.257223028279
-6437.284071719057
-8438.910308952962
epoch: 28
-6929.8755662319545
-7503.054707476495
-8415.283387386717
-8406.640775280082
-5607.370408225987
-5951.275726966941
-6734.371090142276
-8432.371412067123
-8429.683698516248
-8299.63105216024
epoch: 29
-5318.662571852144
-8334.031315024997
-5528.746568729563
-7526.455232884639
-8423.716282150957
-6825.690851366791
-8436.97994853982
-5391.3470090697865
-5856.269896536735
-6859.813786865406
epoch: 30
-7530.317890225125
-7385.421215007606
-7515.696575221876
-7475.940829318147
-6776.722181649136
-7526.919550730769
-7458.459493086247
-8437.128623860834
-7515.143226145352
-6460.680633018695
epoch: 31
-7558.510273495639
-7496.726527712412
-6273.130275337912
-5515.26514011137
-8420.614868560935
-5995.975470781286
-6751.39373528869
-7323.397509402817
-8427.93749585265
-8425.454472072695
epoch: 32
-7463.508654848603
-5932.1112023626365
-8341.243613583765
-7035.0862927445205
-5985.807144863827
-7225.722199008926
-6264.586536093263
-6014.956381970614
-7413.438632157824
-6308.883696495941
epoch: 33
-8408.139311159084
-8428.842067643887
-6399.389121401741
-8315.895509656317
-5684.2744217514955
-5974.567240017834
-8428.71575475377
-7490.204248292588
-7523.543033251157
-8149.181917542276
epoch: 34
-8439.206904400136
-8396.749133826763
-3602.37774468513
-8434.129008144702
-7523.923253243636
-6453.745041870702
-7526.756602043192
-8408.320768473219
-7565.877243896398
-8294.626248440874
epoch: 35
-6088.85510367997
-6708.359286496912
-7514.511390087446
-4742.507133536963
-8389.668626653338
-8338.3665622947
-7331.507019933611
-7499.638951489201
-5447.971434556524
-7049.4346556854425
epoch: 36
-5797.587267080935
-4969.293587747857
-7268.6558509454735
-7328.41887180027
-4550.4071757522115
-5741.095961283941
-8439.458092712182
-8315.158323199568
-8432.601029953992
-5938.138322350309
epoch: 37
-7465.418578592933
-8101.746470566419
-8431.349264190994
-7255.423183855969
-6767.330253542493
-8436.896294835482
-5974.816496031774
-8271.342643003265
-7559.241920070691
-7476.830635820226
epoch: 38
-5792.991682614258
-6081.699788943685
-6290.2264895787575
-8431.816659155487
-8437.702125483482
-8426.70101500333
-7508.214295163738
-6353.690363564905
-8433.417651520549
-5670.504884113006
epoch: 39
-6339.5497639316145
-5664.970892106064
-5819.409010525617
-5681.257821555783
-8412.792788067438
-8437.591011397299
-8410.972665527166
-8358.325288648786
-5988.16753128025
-7234.99359675724
epoch: 40
-7216.195472932237
-7525.18169806815
-7762.5899475969845
-7529.458877691935
-8431.274971275163
-8429.387787388725
-6151.143813031086
-7457.615245405839
-6583.474737353418
-8432.24283684212
epoch: 41
-7484.138560631863
-8428.367239963494
-7253.216621521587
-6126.329032051113
-8431.226539801333
-8185.803715007026
-8348.152960991421
-4513.810811096987
-8409.73703569315
-7515.302221570744
epoch: 42
-7251.228851612665
-8426.53168324557
-5678.70225255498
-5975.554230478715
-8383.978655506555
-8427.722603232938
-8413.068853347875
-8233.874068858042
-7238.820289111776
-6883.486144559084
epoch: 43
-8409.607462133188
-5840.150578455924
-8387.534147283726
-7562.535399579398
-8423.280915545998
-6956.515582087943
-8435.0562176023
-8424.68609502648
-8431.337672456702
-6996.139253780205
epoch: 44
-8418.38083204286
-6097.865641840034
-7480.805215401818
-8357.957491540095
-5435.955578436369
-8268.590872725705
-6080.339068600976
-5477.595161874092
-7560.833694350304
-6674.381470184846
epoch: 45
-6080.897712001887
-8432.831387669685
-8303.819415051688
-6830.710827047645
-8280.078449637283
-8417.693151569782
-6478.485371049401
-8437.635533580782
-8387.500384013189
-8332.800168711305
epoch: 46
-8172.019141016375
-5821.250074966063
-8302.359381212766
-6712.756005479156
-8434.999435363005
-6544.490710053295
-8433.074054271003
-7439.2287180789035
-7500.167018121248
-8418.784078463284
epoch: 47
-8335.380113233252
-8414.119297630285
-8416.387754293391
-8291.515364286277
-6382.906916102496
-8393.358769051702
-5420.413481914621
-5198.189879912862
-7510.120815373241
-8439.105273747842
epoch: 48
-7463.812429581819
-8435.086682967729
-5934.9580174873
-6667.5693266714225
-7521.406951487525
-7459.462888102992
-7079.522481053011
-7529.690465931387
-7431.506928965903
-8403.219275949328
epoch: 49
-5714.9952920228025
-8428.1570963903
-8412.199992731023
-6299.086269796731
-5435.423398678186
-8371.660750855184
-8395.075997784656
-5585.988086057883
-8432.459013621927
-5992.150609031692
epoch: 50
-8430.904255898242
-8370.10974555819
-6294.1067030877575
-6679.579508888867
-7528.501458875646
-8394.158081901182
-8381.972955995352
-8427.488282570304
-6870.337168417961
-6936.428725045683
DONE!
